0 info it worked if it ends with ok
1 verbose cli [ 'C:\\Program Files\\nodejs\\node.exe',
1 verbose cli   'C:\\Users\\nino8\\AppData\\Roaming\\npm\\node_modules\\npm\\bin\\npm-cli.js',
1 verbose cli   'start' ]
2 info using npm@4.1.1
3 info using node@v6.9.4
4 verbose run-script [ 'prestart', 'start', 'poststart' ]
5 info lifecycle timestamp@1.0.0~prestart: timestamp@1.0.0
6 silly lifecycle timestamp@1.0.0~prestart: no script for prestart, continuing
7 info lifecycle timestamp@1.0.0~start: timestamp@1.0.0
8 verbose lifecycle timestamp@1.0.0~start: unsafe-perm in lifecycle true
9 verbose lifecycle timestamp@1.0.0~start: PATH: C:\Users\nino8\AppData\Roaming\npm\node_modules\npm\bin\node-gyp-bin;C:\Users\nino8\Downloads\Coding\FCC\Timestamp_Microservice\node_modules\.bin;C:\ProgramData\Oracle\Java\javapath;C:\WINDOWS\system32;C:\WINDOWS;C:\WINDOWS\System32\Wbem;C:\WINDOWS\System32\WindowsPowerShell\v1.0\;C:\Program Files\Intel\WiFi\bin\;C:\Program Files\Common Files\Intel\WirelessCommon\;C:\Program Files (x86)\PuTTY\;C:\Program Files\MongoDB\Server\3.4\bin;C:\Users\nino8\AppData\Roaming\npm;%NODE_PATH%;C:\Program Files\nodejs\;C:\Users\nino8\AppData\Local\Programs\Python\Python36-32\Scripts\;C:\Program Files\Git\cmd;C:\Ruby23-x64\bin;C:\Program Files\Ruby23-x64\bin;C:\Users\nino8\AppData\Roaming\Python\Python36\Scripts;C:\Program Files\nodejs;C:\Program Files\Git\bin\git.exe;C:\Program Files\Git\cmd.;C:\Program Files (x86)\Microsoft VS Code\bin;C:\Program Files\MongoDB\Server\3.4\bin;C:\Users\nino8\AppData\Roaming\npm;C:\Program Files\Heroku\bin;C:\Program Files (x86)\PuTTY\
10 verbose lifecycle timestamp@1.0.0~start: CWD: C:\Users\nino8\Downloads\Coding\FCC\Timestamp_Microservice
11 silly lifecycle timestamp@1.0.0~start: Args: [ '/d /s /c', 'webpack --config webpack.config.js' ]
12 silly lifecycle timestamp@1.0.0~start: Returned: code: 2  signal: null
13 info lifecycle timestamp@1.0.0~start: Failed to exec start script
14 verbose stack Error: timestamp@1.0.0 start: `webpack --config webpack.config.js`
14 verbose stack Exit status 2
14 verbose stack     at EventEmitter.<anonymous> (C:\Users\nino8\AppData\Roaming\npm\node_modules\npm\lib\utils\lifecycle.js:279:16)
14 verbose stack     at emitTwo (events.js:106:13)
14 verbose stack     at EventEmitter.emit (events.js:191:7)
14 verbose stack     at ChildProcess.<anonymous> (C:\Users\nino8\AppData\Roaming\npm\node_modules\npm\lib\utils\spawn.js:40:14)
14 verbose stack     at emitTwo (events.js:106:13)
14 verbose stack     at ChildProcess.emit (events.js:191:7)
14 verbose stack     at maybeClose (internal/child_process.js:877:16)
14 verbose stack     at Process.ChildProcess._handle.onexit (internal/child_process.js:226:5)
15 verbose pkgid timestamp@1.0.0
16 verbose cwd C:\Users\nino8\Downloads\Coding\FCC\Timestamp_Microservice
17 error Windows_NT 10.0.14393
18 error argv "C:\\Program Files\\nodejs\\node.exe" "C:\\Users\\nino8\\AppData\\Roaming\\npm\\node_modules\\npm\\bin\\npm-cli.js" "start"
19 error node v6.9.4
20 error npm  v4.1.1
21 error code ELIFECYCLE
22 error timestamp@1.0.0 start: `webpack --config webpack.config.js`
22 error Exit status 2
23 error Failed at the timestamp@1.0.0 start script 'webpack --config webpack.config.js'.
23 error Make sure you have the latest version of node.js and npm installed.
23 error If you do, this is most likely a problem with the timestamp package,
23 error not with npm itself.
23 error Tell the author that this fails on your system:
23 error     webpack --config webpack.config.js
23 error You can get information on how to open an issue for this project with:
23 error     npm bugs timestamp
23 error Or if that isn't available, you can get their info via:
23 error     npm owner ls timestamp
23 error There is likely additional logging output above.
24 verbose exit [ 1, true ]
